Command line invocation:
    /Applications/Xcode.app/Contents/Developer/usr/bin/xcodebuild test -project timeLine.xcodeproj -scheme timeLine-ci -destination "platform=iOS Simulator,name=iPhone 17 Pro" "-only-testing:timeLineTests/LibraryDeadlineTests"

Resolve Package Graph


Resolved source packages:
  TimeLineCore: /Users/james/Desktop/1.2-CS/00-projects/timeLine/TimeLineCore @ local

ComputePackagePrebuildTargetDependencyGraph

Prepare packages

CreateBuildRequest

SendProjectDescription

CreateBuildOperation

ComputeTargetDependencyGraph
note: Building targets in dependency order
note: Target dependency graph (5 targets)
    Target 'timeLineUITests' in project 'timeLine'
        ➜ Explicit dependency on target 'timeLine' in project 'timeLine'
    Target 'timeLineTests' in project 'timeLine'
        ➜ Explicit dependency on target 'timeLine' in project 'timeLine'
    Target 'timeLine' in project 'timeLine'
        ➜ Explicit dependency on target 'TimeLineCore' in project 'TimeLineCore'
    Target 'TimeLineCore' in project 'TimeLineCore'
        ➜ Explicit dependency on target 'TimeLineCore' in project 'TimeLineCore'
    Target 'TimeLineCore' in project 'TimeLineCore' (no dependencies)

GatherProvisioningInputs

CreateBuildDescription

ExecuteExternalTool /Applications/Xcode.app/Contents/Developer/Toolchains/XcodeDefault.xctoolchain/usr/bin/clang -v -E -dM -isysroot /Applications/Xcode.app/Contents/Developer/Platforms/iPhoneSimulator.platform/Developer/SDKs/iPhoneSimulator26.2.sdk -x c -c /dev/null

ExecuteExternalTool /Applications/Xcode.app/Contents/Developer/Toolchains/XcodeDefault.xctoolchain/usr/bin/swiftc --version

ExecuteExternalTool /Applications/Xcode.app/Contents/Developer/usr/bin/actool --print-asset-tag-combinations --output-format xml1 /Users/james/Desktop/1.2-CS/00-projects/timeLine/timeLine/timeLine/Assets.xcassets

ExecuteExternalTool /Applications/Xcode.app/Contents/Developer/Toolchains/XcodeDefault.xctoolchain/usr/bin/ld -version_details

ExecuteExternalTool /Applications/Xcode.app/Contents/Developer/usr/bin/actool --version --output-format xml1

Build description signature: 19e05f80269c5f040733e890380d5b66
Build description path: /Users/james/Library/Developer/Xcode/DerivedData/timeLine-eaccqlucvfglkwbpcxqguieuvrsj/Build/Intermediates.noindex/XCBuildData/19e05f80269c5f040733e890380d5b66.xcbuilddata
ClangStatCache /Applications/Xcode.app/Contents/Developer/Toolchains/XcodeDefault.xctoolchain/usr/bin/clang-stat-cache /Applications/Xcode.app/Contents/Developer/Platforms/iPhoneSimulator.platform/Developer/SDKs/iPhoneSimulator26.2.sdk /Users/james/Library/Developer/Xcode/DerivedData/SDKStatCaches.noindex/iphonesimulator26.2-23C53-7d00a8b37fbd7999ea79df8ebc024bf0.sdkstatcache
    cd /Users/james/Desktop/1.2-CS/00-projects/timeLine/timeLine/timeLine.xcodeproj
    /Applications/Xcode.app/Contents/Developer/Toolchains/XcodeDefault.xctoolchain/usr/bin/clang-stat-cache /Applications/Xcode.app/Contents/Developer/Platforms/iPhoneSimulator.platform/Developer/SDKs/iPhoneSimulator26.2.sdk -o /Users/james/Library/Developer/Xcode/DerivedData/SDKStatCaches.noindex/iphonesimulator26.2-23C53-7d00a8b37fbd7999ea79df8ebc024bf0.sdkstatcache

SwiftDriver timeLine normal arm64 com.apple.xcode.tools.swift.compiler (in target 'timeLine' from project 'timeLine')
    cd /Users/james/Desktop/1.2-CS/00-projects/timeLine/timeLine
    builtin-SwiftDriver -- /Applications/Xcode.app/Contents/Developer/Toolchains/XcodeDefault.xctoolchain/usr/bin/swiftc -module-name timeLine -Onone -enforce-exclusivity\=checked @/Users/james/Library/Developer/Xcode/DerivedData/timeLine-eaccqlucvfglkwbpcxqguieuvrsj/Build/Intermediates.noindex/timeLine.build/Debug-iphonesimulator/timeLine.build/Objects-normal/arm64/timeLine.SwiftFileList -DDEBUG -default-isolation\=MainActor -enable-bare-slash-regex -enable-upcoming-feature DisableOutwardActorInference -enable-upcoming-feature InferSendableFromCaptures -enable-upcoming-feature GlobalActorIsolatedTypesUsability -enable-upcoming-feature MemberImportVisibility -enable-upcoming-feature InferIsolatedConformances -enable-upcoming-feature NonisolatedNonsendingByDefault -enable-experimental-feature DebugDescriptionMacro -sdk /Applications/Xcode.app/Contents/Developer/Platforms/iPhoneSimulator.platform/Developer/SDKs/iPhoneSimulator26.2.sdk -target arm64-apple-ios26.2-simulator -g -module-cache-path /Users/james/Library/Developer/Xcode/DerivedData/ModuleCache.noindex -Xfrontend -serialize-debugging-options -enable-testing -index-store-path /Users/james/Library/Developer/Xcode/DerivedData/timeLine-eaccqlucvfglkwbpcxqguieuvrsj/Index.noindex/DataStore -Xcc -D_LIBCPP_HARDENING_MODE\=_LIBCPP_HARDENING_MODE_DEBUG -swift-version 5 -I /Users/james/Library/Developer/Xcode/DerivedData/timeLine-eaccqlucvfglkwbpcxqguieuvrsj/Build/Products/Debug-iphonesimulator -F /Users/james/Library/Developer/Xcode/DerivedData/timeLine-eaccqlucvfglkwbpcxqguieuvrsj/Build/Products/Debug-iphonesimulator/PackageFrameworks -F /Users/james/Library/Developer/Xcode/DerivedData/timeLine-eaccqlucvfglkwbpcxqguieuvrsj/Build/Products/Debug-iphonesimulator -emit-localized-strings -emit-localized-strings-path /Users/james/Library/Developer/Xcode/DerivedData/timeLine-eaccqlucvfglkwbpcxqguieuvrsj/Build/Intermediates.noindex/timeLine.build/Debug-iphonesimulator/timeLine.build/Objects-normal/arm64 -c -j10 -enable-batch-mode -incremental -Xcc -ivfsstatcache -Xcc /Users/james/Library/Developer/Xcode/DerivedData/SDKStatCaches.noindex/iphonesimulator26.2-23C53-7d00a8b37fbd7999ea79df8ebc024bf0.sdkstatcache -output-file-map /Users/james/Library/Developer/Xcode/DerivedData/timeLine-eaccqlucvfglkwbpcxqguieuvrsj/Build/Intermediates.noindex/timeLine.build/Debug-iphonesimulator/timeLine.build/Objects-normal/arm64/timeLine-OutputFileMap.json -use-frontend-parseable-output -save-temps -no-color-diagnostics -explicit-module-build -module-cache-path /Users/james/Library/Developer/Xcode/DerivedData/timeLine-eaccqlucvfglkwbpcxqguieuvrsj/Build/Intermediates.noindex/SwiftExplicitPrecompiledModules -clang-scanner-module-cache-path /Users/james/Library/Developer/Xcode/DerivedData/ModuleCache.noindex -sdk-module-cache-path /Users/james/Library/Developer/Xcode/DerivedData/ModuleCache.noindex -serialize-diagnostics -emit-dependencies -emit-module -emit-module-path /Users/james/Library/Developer/Xcode/DerivedData/timeLine-eaccqlucvfglkwbpcxqguieuvrsj/Build/Intermediates.noindex/timeLine.build/Debug-iphonesimulator/timeLine.build/Objects-normal/arm64/timeLine.swiftmodule -validate-clang-modules-once -clang-build-session-file /Users/james/Library/Developer/Xcode/DerivedData/ModuleCache.noindex/Session.modulevalidation -Xcc -I/Users/james/Library/Developer/Xcode/DerivedData/timeLine-eaccqlucvfglkwbpcxqguieuvrsj/Build/Intermediates.noindex/timeLine.build/Debug-iphonesimulator/timeLine.build/swift-overrides.hmap -emit-const-values -Xfrontend -const-gather-protocols-file -Xfrontend /Users/james/Library/Developer/Xcode/DerivedData/timeLine-eaccqlucvfglkwbpcxqguieuvrsj/Build/Intermediates.noindex/timeLine.build/Debug-iphonesimulator/timeLine.build/Objects-normal/arm64/timeLine_const_extract_protocols.json -Xcc -iquote -Xcc /Users/james/Library/Developer/Xcode/DerivedData/timeLine-eaccqlucvfglkwbpcxqguieuvrsj/Build/Intermediates.noindex/timeLine.build/Debug-iphonesimulator/timeLine.build/timeLine-generated-files.hmap -Xcc -I/Users/james/Library/Developer/Xcode/DerivedData/timeLine-eaccqlucvfglkwbpcxqguieuvrsj/Build/Intermediates.noindex/timeLine.build/Debug-iphonesimulator/timeLine.build/timeLine-own-target-headers.hmap -Xcc -I/Users/james/Library/Developer/Xcode/DerivedData/timeLine-eaccqlucvfglkwbpcxqguieuvrsj/Build/Intermediates.noindex/timeLine.build/Debug-iphonesimulator/timeLine.build/timeLine-all-non-framework-target-headers.hmap -Xcc -ivfsoverlay -Xcc /Users/james/Library/Developer/Xcode/DerivedData/timeLine-eaccqlucvfglkwbpcxqguieuvrsj/Build/Intermediates.noindex/timeLine.build/Debug-iphonesimulator/timeLine-b9947c3597d43e0168e84c4028f5771a-VFS-iphonesimulator/all-product-headers.yaml -Xcc -iquote -Xcc /Users/james/Library/Developer/Xcode/DerivedData/timeLine-eaccqlucvfglkwbpcxqguieuvrsj/Build/Intermediates.noindex/timeLine.build/Debug-iphonesimulator/timeLine.build/timeLine-project-headers.hmap -Xcc -I/Users/james/Library/Developer/Xcode/DerivedData/timeLine-eaccqlucvfglkwbpcxqguieuvrsj/Build/Products/Debug-iphonesimulator/include -Xcc -I/Users/james/Library/Developer/Xcode/DerivedData/timeLine-eaccqlucvfglkwbpcxqguieuvrsj/Build/Intermediates.noindex/timeLine.build/Debug-iphonesimulator/timeLine.build/DerivedSources-normal/arm64 -Xcc -I/Users/james/Library/Developer/Xcode/DerivedData/timeLine-eaccqlucvfglkwbpcxqguieuvrsj/Build/Intermediates.noindex/timeLine.build/Debug-iphonesimulator/timeLine.build/DerivedSources/arm64 -Xcc -I/Users/james/Library/Developer/Xcode/DerivedData/timeLine-eaccqlucvfglkwbpcxqguieuvrsj/Build/Intermediates.noindex/timeLine.build/Debug-iphonesimulator/timeLine.build/DerivedSources -Xcc -DDEBUG\=1 -emit-objc-header -emit-objc-header-path /Users/james/Library/Developer/Xcode/DerivedData/timeLine-eaccqlucvfglkwbpcxqguieuvrsj/Build/Intermediates.noindex/timeLine.build/Debug-iphonesimulator/timeLine.build/Objects-normal/arm64/timeLine-Swift.h -working-directory /Users/james/Desktop/1.2-CS/00-projects/timeLine/timeLine -experimental-emit-module-separately -disable-cmo

ProcessInfoPlistFile /Users/james/Library/Developer/Xcode/DerivedData/timeLine-eaccqlucvfglkwbpcxqguieuvrsj/Build/Products/Debug-iphonesimulator/timeLine.app/Info.plist /Users/james/Library/Developer/Xcode/DerivedData/timeLine-eaccqlucvfglkwbpcxqguieuvrsj/Build/Intermediates.noindex/timeLine.build/Debug-iphonesimulator/timeLine.build/empty-timeLine.plist (in target 'timeLine' from project 'timeLine')
    cd /Users/james/Desktop/1.2-CS/00-projects/timeLine/timeLine
    builtin-infoPlistUtility /Users/james/Library/Developer/Xcode/DerivedData/timeLine-eaccqlucvfglkwbpcxqguieuvrsj/Build/Intermediates.noindex/timeLine.build/Debug-iphonesimulator/timeLine.build/empty-timeLine.plist -producttype com.apple.product-type.application -genpkginfo /Users/james/Library/Developer/Xcode/DerivedData/timeLine-eaccqlucvfglkwbpcxqguieuvrsj/Build/Products/Debug-iphonesimulator/timeLine.app/PkgInfo -expandbuildsettings -format binary -platform iphonesimulator -additionalcontentfile /Users/james/Library/Developer/Xcode/DerivedData/timeLine-eaccqlucvfglkwbpcxqguieuvrsj/Build/Intermediates.noindex/timeLine.build/Debug-iphonesimulator/timeLine.build/assetcatalog_generated_info.plist -o /Users/james/Library/Developer/Xcode/DerivedData/timeLine-eaccqlucvfglkwbpcxqguieuvrsj/Build/Products/Debug-iphonesimulator/timeLine.app/Info.plist

SwiftCompile normal arm64 Compiling\ CardFanView.swift /Users/james/Desktop/1.2-CS/00-projects/timeLine/timeLine/timeLine/Views/Deck/CardFanView.swift (in target 'timeLine' from project 'timeLine')

SwiftCompile normal arm64 /Users/james/Desktop/1.2-CS/00-projects/timeLine/timeLine/timeLine/Views/Deck/CardFanView.swift (in target 'timeLine' from project 'timeLine')
    cd /Users/james/Desktop/1.2-CS/00-projects/timeLine/timeLine
    

SwiftEmitModule normal arm64 Emitting\ module\ for\ timeLine (in target 'timeLine' from project 'timeLine')

EmitSwiftModule normal arm64 (in target 'timeLine' from project 'timeLine')
    cd /Users/james/Desktop/1.2-CS/00-projects/timeLine/timeLine
    

SwiftCompile normal arm64 Compiling\ TodoSheet.swift /Users/james/Desktop/1.2-CS/00-projects/timeLine/timeLine/timeLine/Views/FocusList/TodoSheet.swift (in target 'timeLine' from project 'timeLine')
Failed frontend command:
/Applications/Xcode.app/Contents/Developer/Toolchains/XcodeDefault.xctoolchain/usr/bin/swift-frontend -frontend -c /Users/james/Desktop/1.2-CS/00-projects/timeLine/timeLine/timeLine/State/AppModeManager.swift /Users/james/Desktop/1.2-CS/00-projects/timeLine/timeLine/timeLine/State/BattleExitPolicy.swift /Users/james/Desktop/1.2-CS/00-projects/timeLine/timeLine/timeLine/State/CardTemplateStore.swift /Users/james/Desktop/1.2-CS/00-projects/timeLine/timeLine/timeLine/State/DeckStore.swift /Users/james/Desktop/1.2-CS/00-projects/timeLine/timeLine/timeLine/State/DragDropCoordinator.swift /Users/james/Desktop/1.2-CS/00-projects/timeLine/timeLine/timeLine/State/DragPayload.swift /Users/james/Desktop/1.2-CS/00-projects/timeLine/timeLine/timeLine/State/StateSaver.swift /Users/james/Desktop/1.2-CS/00-projects/timeLine/timeLine/timeLine/State/TimelineStore.swift /Users/james/Desktop/1.2-CS/00-projects/timeLine/timeLine/timeLine/Utils/Haptics.swift /Users/james/Desktop/1.2-CS/00-projects/timeLine/timeLine/timeLine/Utils/TimeFormatter.swift /Users/james/Desktop/1.2-CS/00-projects/timeLine/timeLine/timeLine/Views/Deck/CardFanView.swift /Users/james/Desktop/1.2-CS/00-projects/timeLine/timeLine/timeLine/Views/Deck/CardLibraryPickerSheet.swift /Users/james/Desktop/1.2-CS/00-projects/timeLine/timeLine/timeLine/Views/Deck/CardLibrarySelectionView.swift /Users/james/Desktop/1.2-CS/00-projects/timeLine/timeLine/timeLine/Views/Deck/DeckDetailEditSheet.swift /Users/james/Desktop/1.2-CS/00-projects/timeLine/timeLine/timeLine/Views/Deck/DeckOverlay.swift /Users/james/Desktop/1.2-CS/00-projects/timeLine/timeLine/timeLine/Views/Deck/DraggingCardView.swift /Users/james/Desktop/1.2-CS/00-projects/timeLine/timeLine/timeLine/Views/Deck/DraggingDeckView.swift /Users/james/Desktop/1.2-CS/00-projects/timeLine/timeLine/timeLine/Views/Deck/DraggingGroupView.swift /Users/james/Desktop/1.2-CS/00-projects/timeLine/timeLine/timeLine/Views/FocusGroup/GroupFocusView.swift -primary-file /Users/james/Desktop/1.2-CS/00-projects/timeLine/timeLine/timeLine/Views/FocusList/TodoSheet.swift /Users/james/Desktop/1.2-CS/00-projects/timeLine/timeLine/timeLine/Views/Map/Components/MapVisuals.swift /Users/james/Desktop/1.2-CS/00-projects/timeLine/timeLine/timeLine/Views/Map/Components/PixelTheme.swift /Users/james/Desktop/1.2-CS/00-projects/timeLine/timeLine/timeLine/Views/Map/MapLayout.swift /Users/james/Desktop/1.2-CS/00-projects/timeLine/timeLine/timeLine/Views/Map/MapTypes.swift /Users/james/Desktop/1.2-CS/00-projects/timeLine/timeLine/timeLine/Views/Map/MapViewModel.swift /Users/james/Desktop/1.2-CS/00-projects/timeLine/timeLine/timeLine/Views/Map/RogueMapView.swift /Users/james/Desktop/1.2-CS/00-projects/timeLine/timeLine/timeLine/Views/Map/TimelineNodeRow.swift /Users/james/Desktop/1.2-CS/00-projects/timeLine/timeLine/timeLine/Views/Shared/DeckPlacementToast.swift /Users/james/Desktop/1.2-CS/00-projects/timeLine/timeLine/timeLine/Views/Shared/HeaderView.swift /Users/james/Desktop/1.2-CS/00-projects/timeLine/timeLine/timeLine/Views/Shared/InboxListView.swift /Users/james/Desktop/1.2-CS/00-projects/timeLine/timeLine/timeLine/Views/Shared/InfoBanner.swift /Users/james/Desktop/1.2-CS/00-projects/timeLine/timeLine/timeLine/Views/Shared/QuickBuilderSheet.swift /Users/james/Desktop/1.2-CS/00-projects/timeLine/timeLine/timeLine/Views/Shared/ReminderBanner.swift /Users/james/Desktop/1.2-CS/00-projects/timeLine/timeLine/timeLine/Views/Shared/RestSuggestionBanner.swift /Users/james/Desktop/1.2-CS/00-projects/timeLine/timeLine/timeLine/Views/Stats/AdventurerLogView.swift /Users/james/Desktop/1.2-CS/00-projects/timeLine/timeLine/timeLine/Views/Stats/StatsViewModel.swift /Users/james/Desktop/1.2-CS/00-projects/timeLine/timeLine/timeLine/Views/BattleView.swift /Users/james/Desktop/1.2-CS/00-projects/timeLine/timeLine/timeLine/Views/BonfireView.swift /Users/james/Desktop/1.2-CS/00-projects/timeLine/timeLine/timeLine/Views/OnboardingView.swift /Users/james/Desktop/1.2-CS/00-projects/timeLine/timeLine/timeLine/Views/RootView.swift /Users/james/Desktop/1.2-CS/00-projects/timeLine/timeLine/timeLine/Views/RoutinePickerView.swift /Users/james/Desktop/1.2-CS/00-projects/timeLine/timeLine/timeLine/Views/SettingsView.swift /Users/james/Desktop/1.2-CS/00-projects/timeLine/timeLine/timeLine/Views/TaskSheet.swift /Users/james/Desktop/1.2-CS/00-projects/timeLine/timeLine/timeLine/AppStateManager.swift /Users/james/Desktop/1.2-CS/00-projects/timeLine/timeLine/timeLine/TestAppEntryPoint.swift /Users/james/Desktop/1.2-CS/00-projects/timeLine/timeLine/timeLine/TimeLineApp.swift /Users/james/Desktop/1.2-CS/00-projects/timeLine/timeLine/timeLine/TimeLineCoreExport.swift /Users/james/Desktop/1.2-CS/00-projects/timeLine/timeLine/timeLine/TimelineEventCoordinator.swift /Users/james/Desktop/1.2-CS/00-projects/timeLine/timeLine/timeLine/TimelineEvents.swift /Users/james/Library/Developer/Xcode/DerivedData/timeLine-eaccqlucvfglkwbpcxqguieuvrsj/Build/Intermediates.noindex/timeLine.build/Debug-iphonesimulator/timeLine.build/DerivedSources/GeneratedAssetSymbols.swift -emit-dependencies-path /Users/james/Library/Developer/Xcode/DerivedData/timeLine-eaccqlucvfglkwbpcxqguieuvrsj/Build/Intermediates.noindex/timeLine.build/Debug-iphonesimulator/timeLine.build/Objects-normal/arm64/TodoSheet.d -emit-const-values-path /Users/james/Library/Developer/Xcode/DerivedData/timeLine-eaccqlucvfglkwbpcxqguieuvrsj/Build/Intermediates.noindex/timeLine.build/Debug-iphonesimulator/timeLine.build/Objects-normal/arm64/TodoSheet.swiftconstvalues -emit-reference-dependencies-path /Users/james/Library/Developer/Xcode/DerivedData/timeLine-eaccqlucvfglkwbpcxqguieuvrsj/Build/Intermediates.noindex/timeLine.build/Debug-iphonesimulator/timeLine.build/Objects-normal/arm64/TodoSheet.swiftdeps -serialize-diagnostics-path /Users/james/Library/Developer/Xcode/DerivedData/timeLine-eaccqlucvfglkwbpcxqguieuvrsj/Build/Intermediates.noindex/timeLine.build/Debug-iphonesimulator/timeLine.build/Objects-normal/arm64/TodoSheet.dia -emit-localized-strings -emit-localized-strings-path /Users/james/Library/Developer/Xcode/DerivedData/timeLine-eaccqlucvfglkwbpcxqguieuvrsj/Build/Intermediates.noindex/timeLine.build/Debug-iphonesimulator/timeLine.build/Objects-normal/arm64 -target arm64-apple-ios26.2-simulator -module-can-import-version DeveloperToolsSupport 23.0.4 23.0.4 -module-can-import-version SwiftUI 7.2.5.1 7.2.5 -module-can-import-version UIKit 9126.2.4.1 9126.2.4 -load-resolved-plugin /Applications/Xcode.app/Contents/Developer/Platforms/iPhoneOS.platform/Developer/usr/lib/swift/host/plugins/libFoundationMacros.dylib\#/Applications/Xcode.app/Contents/Developer/Platforms/iPhoneOS.platform/Developer/usr/bin/swift-plugin-server\#FoundationMacros -load-resolved-plugin /Applications/Xcode.app/Contents/Developer/Platforms/iPhoneOS.platform/Developer/usr/lib/swift/host/plugins/libObservationMacros.dylib\#/Applications/Xcode.app/Contents/Developer/Platforms/iPhoneOS.platform/Developer/usr/bin/swift-plugin-server\#ObservationMacros -load-resolved-plugin /Applications/Xcode.app/Contents/Developer/Platforms/iPhoneOS.platform/Developer/usr/lib/swift/host/plugins/libPreviewsMacros.dylib\#/Applications/Xcode.app/Contents/Developer/Platforms/iPhoneOS.platform/Developer/usr/bin/swift-plugin-server\#PreviewsMacros -load-resolved-plugin /Applications/Xcode.app/Contents/Developer/Platforms/iPhoneOS.platform/Developer/usr/lib/swift/host/plugins/libSwiftMacros.dylib\#/Applications/Xcode.app/Contents/Developer/Platforms/iPhoneOS.platform/Developer/usr/bin/swift-plugin-server\#SwiftMacros -load-resolved-plugin /Applications/Xcode.app/Contents/Developer/Platforms/iPhoneOS.platform/Developer/usr/lib/swift/host/plugins/libSwiftUIMacros.dylib\#/Applications/Xcode.app/Contents/Developer/Platforms/iPhoneOS.platform/Developer/usr/bin/swift-plugin-server\#SwiftUIMacros -disable-implicit-swift-modules -Xcc -fno-implicit-modules -Xcc -fno-implicit-module-maps -explicit-swift-module-map-file /Users/james/Library/Developer/Xcode/DerivedData/timeLine-eaccqlucvfglkwbpcxqguieuvrsj/Build/Intermediates.noindex/timeLine.build/Debug-iphonesimulator/timeLine.build/Objects-normal/arm64/timeLine-dependencies-1.json -Xllvm -aarch64-use-tbi -enable-objc-interop -sdk /Applications/Xcode.app/Contents/Developer/Platforms/iPhoneSimulator.platform/Developer/SDKs/iPhoneSimulator26.2.sdk -I /Users/james/Library/Developer/Xcode/DerivedData/timeLine-eaccqlucvfglkwbpcxqguieuvrsj/Build/Products/Debug-iphonesimulator -F /Users/james/Library/Developer/Xcode/DerivedData/timeLine-eaccqlucvfglkwbpcxqguieuvrsj/Build/Products/Debug-iphonesimulator/PackageFrameworks -F /Users/james/Library/Developer/Xcode/DerivedData/timeLine-eaccqlucvfglkwbpcxqguieuvrsj/Build/Products/Debug-iphonesimulator -no-color-diagnostics -Xcc -fno-color-diagnostics -enable-testing -g -debug-info-format\=dwarf -dwarf-version\=5 -module-cache-path /Users/james/Library/Developer/Xcode/DerivedData/timeLine-eaccqlucvfglkwbpcxqguieuvrsj/Build/Intermediates.noindex/SwiftExplicitPrecompiledModules -swift-version 5 -enforce-exclusivity\=checked -Onone -D DEBUG -serialize-debugging-options -const-gather-protocols-file /Users/james/Library/Developer/Xcode/DerivedData/timeLine-eaccqlucvfglkwbpcxqguieuvrsj/Build/Intermediates.noindex/timeLine.build/Debug-iphonesimulator/timeLine.build/Objects-normal/arm64/timeLine_const_extract_protocols.json -enable-upcoming-feature DisableOutwardActorInference -enable-upcoming-feature InferSendableFromCaptures -enable-upcoming-feature GlobalActorIsolatedTypesUsability -enable-upcoming-feature MemberImportVisibility -enable-upcoming-feature InferIsolatedConformances -enable-upcoming-feature NonisolatedNonsendingByDefault -enable-experimental-feature DebugDescriptionMacro -enable-bare-slash-regex -default-isolation\=MainActor -empty-abi-descriptor -validate-clang-modules-once -clang-build-session-file /Users/james/Library/Developer/Xcode/DerivedData/ModuleCache.noindex/Session.modulevalidation -Xcc -working-directory -Xcc /Users/james/Desktop/1.2-CS/00-projects/timeLine/timeLine -enable-anonymous-context-mangled-names -file-compilation-dir /Users/james/Desktop/1.2-CS/00-projects/timeLine/timeLine -Xcc -D_LIBCPP_HARDENING_MODE\=_LIBCPP_HARDENING_MODE_DEBUG -Xcc -ivfsstatcache -Xcc /Users/james/Library/Developer/Xcode/DerivedData/SDKStatCaches.noindex/iphonesimulator26.2-23C53-7d00a8b37fbd7999ea79df8ebc024bf0.sdkstatcache -Xcc -I/Users/james/Library/Developer/Xcode/DerivedData/timeLine-eaccqlucvfglkwbpcxqguieuvrsj/Build/Intermediates.noindex/timeLine.build/Debug-iphonesimulator/timeLine.build/swift-overrides.hmap -Xcc -iquote -Xcc /Users/james/Library/Developer/Xcode/DerivedData/timeLine-eaccqlucvfglkwbpcxqguieuvrsj/Build/Intermediates.noindex/timeLine.build/Debug-iphonesimulator/timeLine.build/timeLine-generated-files.hmap -Xcc -I/Users/james/Library/Developer/Xcode/DerivedData/timeLine-eaccqlucvfglkwbpcxqguieuvrsj/Build/Intermediates.noindex/timeLine.build/Debug-iphonesimulator/timeLine.build/timeLine-own-target-headers.hmap -Xcc -I/Users/james/Library/Developer/Xcode/DerivedData/timeLine-eaccqlucvfglkwbpcxqguieuvrsj/Build/Intermediates.noindex/timeLine.build/Debug-iphonesimulator/timeLine.build/timeLine-all-non-framework-target-headers.hmap -Xcc -ivfsoverlay -Xcc /Users/james/Library/Developer/Xcode/DerivedData/timeLine-eaccqlucvfglkwbpcxqguieuvrsj/Build/Intermediates.noindex/timeLine.build/Debug-iphonesimulator/timeLine-b9947c3597d43e0168e84c4028f5771a-VFS-iphonesimulator/all-product-headers.yaml -Xcc -iquote -Xcc /Users/james/Library/Developer/Xcode/DerivedData/timeLine-eaccqlucvfglkwbpcxqguieuvrsj/Build/Intermediates.noindex/timeLine.build/Debug-iphonesimulator/timeLine.build/timeLine-project-headers.hmap -Xcc -I/Users/james/Library/Developer/Xcode/DerivedData/timeLine-eaccqlucvfglkwbpcxqguieuvrsj/Build/Products/Debug-iphonesimulator/include -Xcc -I/Users/james/Library/Developer/Xcode/DerivedData/timeLine-eaccqlucvfglkwbpcxqguieuvrsj/Build/Intermediates.noindex/timeLine.build/Debug-iphonesimulator/timeLine.build/DerivedSources-normal/arm64 -Xcc -I/Users/james/Library/Developer/Xcode/DerivedData/timeLine-eaccqlucvfglkwbpcxqguieuvrsj/Build/Intermediates.noindex/timeLine.build/Debug-iphonesimulator/timeLine.build/DerivedSources/arm64 -Xcc -I/Users/james/Library/Developer/Xcode/DerivedData/timeLine-eaccqlucvfglkwbpcxqguieuvrsj/Build/Intermediates.noindex/timeLine.build/Debug-iphonesimulator/timeLine.build/DerivedSources -Xcc -DDEBUG\=1 -no-auto-bridging-header-chaining -module-name timeLine -frontend-parseable-output -disable-clang-spi -target-sdk-version 26.2 -target-sdk-name iphonesimulator26.2 -clang-target arm64-apple-ios26.2-simulator -in-process-plugin-server-path /Applications/Xcode.app/Contents/Developer/Toolchains/XcodeDefault.xctoolchain/usr/lib/swift/host/libSwiftInProcPluginServer.dylib -o /Users/james/Library/Developer/Xcode/DerivedData/timeLine-eaccqlucvfglkwbpcxqguieuvrsj/Build/Intermediates.noindex/timeLine.build/Debug-iphonesimulator/timeLine.build/Objects-normal/arm64/TodoSheet.o -index-unit-output-path /timeLine.build/Debug-iphonesimulator/timeLine.build/Objects-normal/arm64/TodoSheet.o -index-store-path /Users/james/Library/Developer/Xcode/DerivedData/timeLine-eaccqlucvfglkwbpcxqguieuvrsj/Index.noindex/DataStore -index-system-modules

SwiftCompile normal arm64 /Users/james/Desktop/1.2-CS/00-projects/timeLine/timeLine/timeLine/Views/FocusList/TodoSheet.swift (in target 'timeLine' from project 'timeLine')
    cd /Users/james/Desktop/1.2-CS/00-projects/timeLine/timeLine
    
/Users/james/Desktop/1.2-CS/00-projects/timeLine/timeLine/timeLine/Views/FocusList/TodoSheet.swift:323:9: error: the compiler is unable to type-check this expression in reasonable time; try breaking up the expression into distinct sub-expressions
        HStack(spacing: 12) {
        ^~~~~~~~~~~~~~~~~~~~~


Test session results, code coverage, and logs:
	/Users/james/Library/Developer/Xcode/DerivedData/timeLine-eaccqlucvfglkwbpcxqguieuvrsj/Logs/Test/Test-timeLine-ci-2026.01.20_12-47-35--0800.xcresult

Testing failed:
	The compiler is unable to type-check this expression in reasonable time; try breaking up the expression into distinct sub-expressions
	Testing cancelled because the build failed.

** TEST FAILED **


The following build commands failed:
	SwiftCompile normal arm64 Compiling\ TodoSheet.swift /Users/james/Desktop/1.2-CS/00-projects/timeLine/timeLine/timeLine/Views/FocusList/TodoSheet.swift (in target 'timeLine' from project 'timeLine')
	SwiftCompile normal arm64 /Users/james/Desktop/1.2-CS/00-projects/timeLine/timeLine/timeLine/Views/FocusList/TodoSheet.swift (in target 'timeLine' from project 'timeLine')
	Testing project timeLine with scheme timeLine-ci
(3 failures)
