Command line invocation:
    /Applications/Xcode.app/Contents/Developer/usr/bin/xcodebuild test -project timeLine.xcodeproj -scheme timeLine-ci -destination "platform=iOS Simulator,name=iPhone 17 Pro" "-only-testing:timeLineTests/LibraryDeadlineTests/testBucketedEntries_UsesAbsoluteDeadline"

Resolve Package Graph


Resolved source packages:
  TimeLineCore: /Users/james/Desktop/1.2-CS/00-projects/timeLine/TimeLineCore @ local

ComputePackagePrebuildTargetDependencyGraph

Prepare packages

CreateBuildRequest

SendProjectDescription

CreateBuildOperation

ComputeTargetDependencyGraph
note: Building targets in dependency order
note: Target dependency graph (5 targets)
    Target 'timeLineUITests' in project 'timeLine'
        ➜ Explicit dependency on target 'timeLine' in project 'timeLine'
    Target 'timeLineTests' in project 'timeLine'
        ➜ Explicit dependency on target 'timeLine' in project 'timeLine'
    Target 'timeLine' in project 'timeLine'
        ➜ Explicit dependency on target 'TimeLineCore' in project 'TimeLineCore'
    Target 'TimeLineCore' in project 'TimeLineCore'
        ➜ Explicit dependency on target 'TimeLineCore' in project 'TimeLineCore'
    Target 'TimeLineCore' in project 'TimeLineCore' (no dependencies)

GatherProvisioningInputs

CreateBuildDescription

ExecuteExternalTool /Applications/Xcode.app/Contents/Developer/Toolchains/XcodeDefault.xctoolchain/usr/bin/clang -v -E -dM -isysroot /Applications/Xcode.app/Contents/Developer/Platforms/iPhoneSimulator.platform/Developer/SDKs/iPhoneSimulator26.2.sdk -x c -c /dev/null

ExecuteExternalTool /Applications/Xcode.app/Contents/Developer/Toolchains/XcodeDefault.xctoolchain/usr/bin/swiftc --version

ExecuteExternalTool /Applications/Xcode.app/Contents/Developer/usr/bin/actool --print-asset-tag-combinations --output-format xml1 /Users/james/Desktop/1.2-CS/00-projects/timeLine/timeLine/timeLine/Assets.xcassets

ExecuteExternalTool /Applications/Xcode.app/Contents/Developer/usr/bin/actool --version --output-format xml1

ExecuteExternalTool /Applications/Xcode.app/Contents/Developer/Toolchains/XcodeDefault.xctoolchain/usr/bin/ld -version_details

Build description signature: dec00cfdd659a963232a8c3bb6fc02a0
Build description path: /Users/james/Library/Developer/Xcode/DerivedData/timeLine-eaccqlucvfglkwbpcxqguieuvrsj/Build/Intermediates.noindex/XCBuildData/dec00cfdd659a963232a8c3bb6fc02a0.xcbuilddata
ClangStatCache /Applications/Xcode.app/Contents/Developer/Toolchains/XcodeDefault.xctoolchain/usr/bin/clang-stat-cache /Applications/Xcode.app/Contents/Developer/Platforms/iPhoneSimulator.platform/Developer/SDKs/iPhoneSimulator26.2.sdk /Users/james/Library/Developer/Xcode/DerivedData/SDKStatCaches.noindex/iphonesimulator26.2-23C53-7d00a8b37fbd7999ea79df8ebc024bf0.sdkstatcache
    cd /Users/james/Desktop/1.2-CS/00-projects/timeLine/timeLine/timeLine.xcodeproj
    /Applications/Xcode.app/Contents/Developer/Toolchains/XcodeDefault.xctoolchain/usr/bin/clang-stat-cache /Applications/Xcode.app/Contents/Developer/Platforms/iPhoneSimulator.platform/Developer/SDKs/iPhoneSimulator26.2.sdk -o /Users/james/Library/Developer/Xcode/DerivedData/SDKStatCaches.noindex/iphonesimulator26.2-23C53-7d00a8b37fbd7999ea79df8ebc024bf0.sdkstatcache

CopySwiftLibs /Users/james/Library/Developer/Xcode/DerivedData/timeLine-eaccqlucvfglkwbpcxqguieuvrsj/Build/Products/Debug-iphonesimulator/timeLine.app (in target 'timeLine' from project 'timeLine')
    cd /Users/james/Desktop/1.2-CS/00-projects/timeLine/timeLine
    builtin-swiftStdLibTool --copy --verbose --sign - --scan-executable /Users/james/Library/Developer/Xcode/DerivedData/timeLine-eaccqlucvfglkwbpcxqguieuvrsj/Build/Products/Debug-iphonesimulator/timeLine.app/timeLine.debug.dylib --scan-folder /Users/james/Library/Developer/Xcode/DerivedData/timeLine-eaccqlucvfglkwbpcxqguieuvrsj/Build/Products/Debug-iphonesimulator/timeLine.app/Frameworks --scan-folder /Users/james/Library/Developer/Xcode/DerivedData/timeLine-eaccqlucvfglkwbpcxqguieuvrsj/Build/Products/Debug-iphonesimulator/timeLine.app/PlugIns --scan-folder /Users/james/Library/Developer/Xcode/DerivedData/timeLine-eaccqlucvfglkwbpcxqguieuvrsj/Build/Products/Debug-iphonesimulator/timeLine.app/SystemExtensions --scan-folder /Users/james/Library/Developer/Xcode/DerivedData/timeLine-eaccqlucvfglkwbpcxqguieuvrsj/Build/Products/Debug-iphonesimulator/timeLine.app/Extensions --platform iphonesimulator --toolchain /Applications/Xcode.app/Contents/Developer/Toolchains/XcodeDefault.xctoolchain --destination /Users/james/Library/Developer/Xcode/DerivedData/timeLine-eaccqlucvfglkwbpcxqguieuvrsj/Build/Products/Debug-iphonesimulator/timeLine.app/Frameworks --strip-bitcode --strip-bitcode-tool /Applications/Xcode.app/Contents/Developer/Toolchains/XcodeDefault.xctoolchain/usr/bin/bitcode_strip --emit-dependency-info /Users/james/Library/Developer/Xcode/DerivedData/timeLine-eaccqlucvfglkwbpcxqguieuvrsj/Build/Intermediates.noindex/timeLine.build/Debug-iphonesimulator/timeLine.build/SwiftStdLibToolInputDependencies.dep --filter-for-swift-os

ProcessInfoPlistFile /Users/james/Library/Developer/Xcode/DerivedData/timeLine-eaccqlucvfglkwbpcxqguieuvrsj/Build/Products/Debug-iphonesimulator/timeLine.app/Info.plist /Users/james/Library/Developer/Xcode/DerivedData/timeLine-eaccqlucvfglkwbpcxqguieuvrsj/Build/Intermediates.noindex/timeLine.build/Debug-iphonesimulator/timeLine.build/empty-timeLine.plist (in target 'timeLine' from project 'timeLine')
    cd /Users/james/Desktop/1.2-CS/00-projects/timeLine/timeLine
    builtin-infoPlistUtility /Users/james/Library/Developer/Xcode/DerivedData/timeLine-eaccqlucvfglkwbpcxqguieuvrsj/Build/Intermediates.noindex/timeLine.build/Debug-iphonesimulator/timeLine.build/empty-timeLine.plist -producttype com.apple.product-type.application -genpkginfo /Users/james/Library/Developer/Xcode/DerivedData/timeLine-eaccqlucvfglkwbpcxqguieuvrsj/Build/Products/Debug-iphonesimulator/timeLine.app/PkgInfo -expandbuildsettings -format binary -platform iphonesimulator -additionalcontentfile /Users/james/Library/Developer/Xcode/DerivedData/timeLine-eaccqlucvfglkwbpcxqguieuvrsj/Build/Intermediates.noindex/timeLine.build/Debug-iphonesimulator/timeLine.build/assetcatalog_generated_info.plist -o /Users/james/Library/Developer/Xcode/DerivedData/timeLine-eaccqlucvfglkwbpcxqguieuvrsj/Build/Products/Debug-iphonesimulator/timeLine.app/Info.plist

ProcessInfoPlistFile /Users/james/Library/Developer/Xcode/DerivedData/timeLine-eaccqlucvfglkwbpcxqguieuvrsj/Build/Products/Debug-iphonesimulator/timeLine.app/PlugIns/timeLineTests.xctest/Info.plist /Users/james/Library/Developer/Xcode/DerivedData/timeLine-eaccqlucvfglkwbpcxqguieuvrsj/Build/Intermediates.noindex/timeLine.build/Debug-iphonesimulator/timeLineTests.build/empty-timeLineTests.plist (in target 'timeLineTests' from project 'timeLine')
    cd /Users/james/Desktop/1.2-CS/00-projects/timeLine/timeLine
    builtin-infoPlistUtility /Users/james/Library/Developer/Xcode/DerivedData/timeLine-eaccqlucvfglkwbpcxqguieuvrsj/Build/Intermediates.noindex/timeLine.build/Debug-iphonesimulator/timeLineTests.build/empty-timeLineTests.plist -producttype com.apple.product-type.bundle.unit-test -expandbuildsettings -format binary -platform iphonesimulator -o /Users/james/Library/Developer/Xcode/DerivedData/timeLine-eaccqlucvfglkwbpcxqguieuvrsj/Build/Products/Debug-iphonesimulator/timeLine.app/PlugIns/timeLineTests.xctest/Info.plist

CopySwiftLibs /Users/james/Library/Developer/Xcode/DerivedData/timeLine-eaccqlucvfglkwbpcxqguieuvrsj/Build/Products/Debug-iphonesimulator/timeLine.app/PlugIns/timeLineTests.xctest (in target 'timeLineTests' from project 'timeLine')
    cd /Users/james/Desktop/1.2-CS/00-projects/timeLine/timeLine
    builtin-swiftStdLibTool --copy --verbose --sign - --scan-executable /Users/james/Library/Developer/Xcode/DerivedData/timeLine-eaccqlucvfglkwbpcxqguieuvrsj/Build/Products/Debug-iphonesimulator/timeLine.app/PlugIns/timeLineTests.xctest/timeLineTests --scan-folder /Users/james/Library/Developer/Xcode/DerivedData/timeLine-eaccqlucvfglkwbpcxqguieuvrsj/Build/Products/Debug-iphonesimulator/timeLine.app/PlugIns/timeLineTests.xctest/Frameworks --scan-folder /Users/james/Library/Developer/Xcode/DerivedData/timeLine-eaccqlucvfglkwbpcxqguieuvrsj/Build/Products/Debug-iphonesimulator/timeLine.app/PlugIns/timeLineTests.xctest/PlugIns --scan-folder /Users/james/Library/Developer/Xcode/DerivedData/timeLine-eaccqlucvfglkwbpcxqguieuvrsj/Build/Products/Debug-iphonesimulator/timeLine.app/PlugIns/timeLineTests.xctest/SystemExtensions --scan-folder /Users/james/Library/Developer/Xcode/DerivedData/timeLine-eaccqlucvfglkwbpcxqguieuvrsj/Build/Products/Debug-iphonesimulator/timeLine.app/PlugIns/timeLineTests.xctest/Extensions --platform iphonesimulator --toolchain /Applications/Xcode.app/Contents/Developer/Toolchains/XcodeDefault.xctoolchain --destination /Users/james/Library/Developer/Xcode/DerivedData/timeLine-eaccqlucvfglkwbpcxqguieuvrsj/Build/Products/Debug-iphonesimulator/timeLine.app/PlugIns/timeLineTests.xctest/Frameworks --strip-bitcode --scan-executable /Applications/Xcode.app/Contents/Developer/Platforms/iPhoneSimulator.platform/Developer/usr/lib/libXCTestSwiftSupport.dylib --strip-bitcode-tool /Applications/Xcode.app/Contents/Developer/Toolchains/XcodeDefault.xctoolchain/usr/bin/bitcode_strip --emit-dependency-info /Users/james/Library/Developer/Xcode/DerivedData/timeLine-eaccqlucvfglkwbpcxqguieuvrsj/Build/Intermediates.noindex/timeLine.build/Debug-iphonesimulator/timeLineTests.build/SwiftStdLibToolInputDependencies.dep --filter-for-swift-os

ProcessInfoPlistFile /Users/james/Library/Developer/Xcode/DerivedData/timeLine-eaccqlucvfglkwbpcxqguieuvrsj/Build/Products/Debug-iphonesimulator/timeLineUITests-Runner.app/PlugIns/timeLineUITests.xctest/Info.plist /Users/james/Library/Developer/Xcode/DerivedData/timeLine-eaccqlucvfglkwbpcxqguieuvrsj/Build/Intermediates.noindex/timeLine.build/Debug-iphonesimulator/timeLineUITests.build/empty-timeLineUITests.plist (in target 'timeLineUITests' from project 'timeLine')
    cd /Users/james/Desktop/1.2-CS/00-projects/timeLine/timeLine
    builtin-infoPlistUtility /Users/james/Library/Developer/Xcode/DerivedData/timeLine-eaccqlucvfglkwbpcxqguieuvrsj/Build/Intermediates.noindex/timeLine.build/Debug-iphonesimulator/timeLineUITests.build/empty-timeLineUITests.plist -producttype com.apple.product-type.bundle.ui-testing -expandbuildsettings -format binary -platform iphonesimulator -additionalcontentfile /Users/james/Library/Developer/Xcode/DerivedData/timeLine-eaccqlucvfglkwbpcxqguieuvrsj/Build/Intermediates.noindex/timeLine.build/Debug-iphonesimulator/timeLineUITests.build/ProductTypeInfoPlistAdditions.plist -o /Users/james/Library/Developer/Xcode/DerivedData/timeLine-eaccqlucvfglkwbpcxqguieuvrsj/Build/Products/Debug-iphonesimulator/timeLineUITests-Runner.app/PlugIns/timeLineUITests.xctest/Info.plist

CopySwiftLibs /Users/james/Library/Developer/Xcode/DerivedData/timeLine-eaccqlucvfglkwbpcxqguieuvrsj/Build/Products/Debug-iphonesimulator/timeLineUITests-Runner.app/PlugIns/timeLineUITests.xctest (in target 'timeLineUITests' from project 'timeLine')
    cd /Users/james/Desktop/1.2-CS/00-projects/timeLine/timeLine
    builtin-swiftStdLibTool --copy --verbose --sign - --scan-executable /Users/james/Library/Developer/Xcode/DerivedData/timeLine-eaccqlucvfglkwbpcxqguieuvrsj/Build/Products/Debug-iphonesimulator/timeLineUITests-Runner.app/PlugIns/timeLineUITests.xctest/timeLineUITests --scan-folder /Users/james/Library/Developer/Xcode/DerivedData/timeLine-eaccqlucvfglkwbpcxqguieuvrsj/Build/Products/Debug-iphonesimulator/timeLineUITests-Runner.app/PlugIns/timeLineUITests.xctest/Frameworks --scan-folder /Users/james/Library/Developer/Xcode/DerivedData/timeLine-eaccqlucvfglkwbpcxqguieuvrsj/Build/Products/Debug-iphonesimulator/timeLineUITests-Runner.app/PlugIns/timeLineUITests.xctest/PlugIns --scan-folder /Users/james/Library/Developer/Xcode/DerivedData/timeLine-eaccqlucvfglkwbpcxqguieuvrsj/Build/Products/Debug-iphonesimulator/timeLineUITests-Runner.app/PlugIns/timeLineUITests.xctest/SystemExtensions --scan-folder /Users/james/Library/Developer/Xcode/DerivedData/timeLine-eaccqlucvfglkwbpcxqguieuvrsj/Build/Products/Debug-iphonesimulator/timeLineUITests-Runner.app/PlugIns/timeLineUITests.xctest/Extensions --platform iphonesimulator --toolchain /Applications/Xcode.app/Contents/Developer/Toolchains/XcodeDefault.xctoolchain --destination /Users/james/Library/Developer/Xcode/DerivedData/timeLine-eaccqlucvfglkwbpcxqguieuvrsj/Build/Products/Debug-iphonesimulator/timeLineUITests-Runner.app/PlugIns/timeLineUITests.xctest/Frameworks --strip-bitcode --scan-executable /Applications/Xcode.app/Contents/Developer/Platforms/iPhoneSimulator.platform/Developer/usr/lib/libXCTestSwiftSupport.dylib --strip-bitcode-tool /Applications/Xcode.app/Contents/Developer/Toolchains/XcodeDefault.xctoolchain/usr/bin/bitcode_strip --emit-dependency-info /Users/james/Library/Developer/Xcode/DerivedData/timeLine-eaccqlucvfglkwbpcxqguieuvrsj/Build/Intermediates.noindex/timeLine.build/Debug-iphonesimulator/timeLineUITests.build/SwiftStdLibToolInputDependencies.dep --filter-for-swift-os

Test Suite 'Selected tests' started at 2026-01-22 10:09:04.117.
Test Suite 'timeLineTests.xctest' started at 2026-01-22 10:09:04.117.
Test Suite 'LibraryDeadlineTests' started at 2026-01-22 10:09:04.117.
Test Case '-[timeLineTests.LibraryDeadlineTests testBucketedEntries_UsesAbsoluteDeadline]' started.
/Users/james/Desktop/1.2-CS/00-projects/timeLine/timeLine/timeLineTests/LibraryDeadlineTests.swift:85: error: -[timeLineTests.LibraryDeadlineTests testBucketedEntries_UsesAbsoluteDeadline] : XCTAssertTrue failed
Test Case '-[timeLineTests.LibraryDeadlineTests testBucketedEntries_UsesAbsoluteDeadline]' failed (0.469 seconds).
Test Suite 'LibraryDeadlineTests' failed at 2026-01-22 10:09:04.587.
	 Executed 1 test, with 1 failure (0 unexpected) in 0.469 (0.470) seconds
Test Suite 'timeLineTests.xctest' failed at 2026-01-22 10:09:04.587.
	 Executed 1 test, with 1 failure (0 unexpected) in 0.469 (0.470) seconds
Test Suite 'Selected tests' failed at 2026-01-22 10:09:04.587.
	 Executed 1 test, with 1 failure (0 unexpected) in 0.469 (0.471) seconds
2026-01-22 10:09:25.016 xcodebuild[93632:20680817] [MT] IDETestOperationsObserverDebug: 55.103 elapsed -- Testing started completed.
2026-01-22 10:09:25.016 xcodebuild[93632:20680817] [MT] IDETestOperationsObserverDebug: 0.000 sec, +0.000 sec -- start
2026-01-22 10:09:25.016 xcodebuild[93632:20680817] [MT] IDETestOperationsObserverDebug: 55.103 sec, +55.103 sec -- end

Test session results, code coverage, and logs:
	/Users/james/Library/Developer/Xcode/DerivedData/timeLine-eaccqlucvfglkwbpcxqguieuvrsj/Logs/Test/Test-timeLine-ci-2026.01.22_10-08-27--0800.xcresult

** TEST FAILED **

Testing started
